<html>
<head>
<title>TestNG:  Default test</title>
<link href="../testng.css" rel="stylesheet" type="text/css" />
<link href="../my-testng.css" rel="stylesheet" type="text/css" />

<style type="text/css">
.log { display: none;} 
.stack-trace { display: none;} 
</style>
<script type="text/javascript">
<!--
function flip(e) {
  current = e.style.display;
  if (current == 'block') {
    e.style.display = 'none';
    return 0;
  }
  else {
    e.style.display = 'block';
    return 1;
  }
}

function toggleBox(szDivId, elem, msg1, msg2)
{
  var res = -1;  if (document.getElementById) {
    res = flip(document.getElementById(szDivId));
  }
  else if (document.all) {
    // this is the way old msie versions work
    res = flip(document.all[szDivId]);
  }
  if(elem) {
    if(res == 0) elem.innerHTML = msg1; else elem.innerHTML = msg2;
  }

}

function toggleAllBoxes() {
  if (document.getElementsByTagName) {
    d = document.getElementsByTagName('div');
    for (i = 0; i < d.length; i++) {
      if (d[i].className == 'log') {
        flip(d[i]);
      }
    }
  }
}

// -->
</script>

</head>
<body>
<h2 align='center'>Default test</h2><table border='1' align="center">
<tr>
<td>Tests passed/Failed/Skipped:</td><td>15/12/0</td>
</tr><tr>
<td>Started on:</td><td>Wed Jul 30 09:27:40 IST 2025</td>
</tr>
<tr><td>Total time:</td><td>281 seconds (281837 ms)</td>
</tr><tr>
<td>Included groups:</td><td></td>
</tr><tr>
<td>Excluded groups:</td><td></td>
</tr>
</table><p/>
<small><i>(Hover the method name to see the test class name)</i></small><p/>
<table width='100%' border='1' class='invocation-failed'>
<tr><td colspan='4' align='center'><b>FAILED TESTS</b></td></tr>
<tr><td><b>Test method</b></td>
<td><b>Attribute(s)</b></td>
<td width="30%"><b>Exception</b></td>
<td width="10%"><b>Time (seconds)</b></td>
<td><b>Instance</b></td>
</tr>
<tr>
<td title='runner.RunnerTest.runScenario()'><b>runScenario</b><br>Test class: runner.RunnerTest<br>Test method: Runs Cucumber Scenarios<br>Parameters: "Enter an invalid email", "Validate the Get a Library Card form fields"</td>
<td><div><pre>java.lang.AssertionError: Expected error message not displayed: Please enter a valid email
	at org.junit.Assert.fail(Assert.java:89)
	at org.junit.Assert.assertTrue(Assert.java:42)
	at stepDefinition.LibraryCardStep.an_error_message_should_appear_saying(LibraryCardStep.java:99)
	at ✽.an error message should appear saying &quot;Please enter a valid email&quot;(file:///C:/WorkSpaces/Sprint2/sprint2/LibraryManagement/src/test/java/features/libraryCard.feature:77)
</pre></div><a href='#' onClick='toggleBox("stack-trace1109306750", this, "Click to show all stack frames", "Click to hide stack frames")'>Click to show all stack frames</a>
<div class='stack-trace' id='stack-trace1109306750'><pre>java.lang.AssertionError: Expected error message not displayed: Please enter a valid email
	at org.junit.Assert.fail(Assert.java:89)
	at org.junit.Assert.assertTrue(Assert.java:42)
	at stepDefinition.LibraryCardStep.an_error_message_should_appear_saying(LibraryCardStep.java:99)
	at ✽.an error message should appear saying &quot;Please enter a valid email&quot;(file:///C:/WorkSpaces/Sprint2/sprint2/LibraryManagement/src/test/java/features/libraryCard.feature:77)
</pre></div></td>
<td>7</td>
<td>runner.RunnerTest@49912c99</td></tr>
<tr>
<td title='runner.RunnerTest.runScenario()'><b>runScenario</b><br>Test class: runner.RunnerTest<br>Test method: Runs Cucumber Scenarios<br>Parameters: "Leave the phone number field blank", "Validate the Get a Library Card form fields"</td>
<td><div><pre>java.lang.AssertionError: Expected error message not displayed: Please Enter the phone
	at org.junit.Assert.fail(Assert.java:89)
	at org.junit.Assert.assertTrue(Assert.java:42)
	at stepDefinition.LibraryCardStep.an_error_message_should_appear_saying(LibraryCardStep.java:99)
	at ✽.an error message should appear saying &quot;Please Enter the phone&quot;(file:///C:/WorkSpaces/Sprint2/sprint2/LibraryManagement/src/test/java/features/libraryCard.feature:101)
</pre></div><a href='#' onClick='toggleBox("stack-trace216815884", this, "Click to show all stack frames", "Click to hide stack frames")'>Click to show all stack frames</a>
<div class='stack-trace' id='stack-trace216815884'><pre>java.lang.AssertionError: Expected error message not displayed: Please Enter the phone
	at org.junit.Assert.fail(Assert.java:89)
	at org.junit.Assert.assertTrue(Assert.java:42)
	at stepDefinition.LibraryCardStep.an_error_message_should_appear_saying(LibraryCardStep.java:99)
	at ✽.an error message should appear saying &quot;Please Enter the phone&quot;(file:///C:/WorkSpaces/Sprint2/sprint2/LibraryManagement/src/test/java/features/libraryCard.feature:101)
</pre></div></td>
<td>7</td>
<td>runner.RunnerTest@49912c99</td></tr>
<tr>
<td title='runner.RunnerTest.runScenario()'><b>runScenario</b><br>Test class: runner.RunnerTest<br>Test method: Runs Cucumber Scenarios<br>Parameters: "Enter an invalid phone number", "Validate the Get a Library Card form fields"</td>
<td><div><pre>java.lang.AssertionError: Expected error message not displayed: Please enter a valid phone number
	at org.junit.Assert.fail(Assert.java:89)
	at org.junit.Assert.assertTrue(Assert.java:42)
	at stepDefinition.LibraryCardStep.an_error_message_should_appear_saying(LibraryCardStep.java:99)
	at ✽.an error message should appear saying &quot;Please enter a valid phone number&quot;(file:///C:/WorkSpaces/Sprint2/sprint2/LibraryManagement/src/test/java/features/libraryCard.feature:89)
</pre></div><a href='#' onClick='toggleBox("stack-trace412121842", this, "Click to show all stack frames", "Click to hide stack frames")'>Click to show all stack frames</a>
<div class='stack-trace' id='stack-trace412121842'><pre>java.lang.AssertionError: Expected error message not displayed: Please enter a valid phone number
	at org.junit.Assert.fail(Assert.java:89)
	at org.junit.Assert.assertTrue(Assert.java:42)
	at stepDefinition.LibraryCardStep.an_error_message_should_appear_saying(LibraryCardStep.java:99)
	at ✽.an error message should appear saying &quot;Please enter a valid phone number&quot;(file:///C:/WorkSpaces/Sprint2/sprint2/LibraryManagement/src/test/java/features/libraryCard.feature:89)
</pre></div></td>
<td>7</td>
<td>runner.RunnerTest@49912c99</td></tr>
<tr>
<td title='runner.RunnerTest.runScenario()'><b>runScenario</b><br>Test class: runner.RunnerTest<br>Test method: Runs Cucumber Scenarios<br>Parameters: "Submit form with space in subject", "Advanced Search Functionality"</td>
<td><div><pre>java.lang.AssertionError
	at stepDefinition.AdvancedSearchSteps.error_for_subject(AdvancedSearchSteps.java:89)
	at ✽.an error message for subject should be displayed(file:///C:/WorkSpaces/Sprint2/sprint2/LibraryManagement/src/test/java/features/advancedSearch.feature:65)
</pre></div><a href='#' onClick='toggleBox("stack-trace930641076", this, "Click to show all stack frames", "Click to hide stack frames")'>Click to show all stack frames</a>
<div class='stack-trace' id='stack-trace930641076'><pre>java.lang.AssertionError
	at stepDefinition.AdvancedSearchSteps.error_for_subject(AdvancedSearchSteps.java:89)
	at ✽.an error message for subject should be displayed(file:///C:/WorkSpaces/Sprint2/sprint2/LibraryManagement/src/test/java/features/advancedSearch.feature:65)
</pre></div></td>
<td>8</td>
<td>runner.RunnerTest@49912c99</td></tr>
<tr>
<td title='runner.RunnerTest.runScenario()'><b>runScenario</b><br>Test class: runner.RunnerTest<br>Test method: Runs Cucumber Scenarios<br>Parameters: "Leave the age field blank", "Validate the Get a Library Card form fields"</td>
<td><div><pre>java.lang.AssertionError: Expected error message not displayed: Please enter the age
	at org.junit.Assert.fail(Assert.java:89)
	at org.junit.Assert.assertTrue(Assert.java:42)
	at stepDefinition.LibraryCardStep.an_error_message_should_appear_saying(LibraryCardStep.java:99)
	at ✽.an error message should appear saying &quot;Please enter the age&quot;(file:///C:/WorkSpaces/Sprint2/sprint2/LibraryManagement/src/test/java/features/libraryCard.feature:65)
</pre></div><a href='#' onClick='toggleBox("stack-trace1355533479", this, "Click to show all stack frames", "Click to hide stack frames")'>Click to show all stack frames</a>
<div class='stack-trace' id='stack-trace1355533479'><pre>java.lang.AssertionError: Expected error message not displayed: Please enter the age
	at org.junit.Assert.fail(Assert.java:89)
	at org.junit.Assert.assertTrue(Assert.java:42)
	at stepDefinition.LibraryCardStep.an_error_message_should_appear_saying(LibraryCardStep.java:99)
	at ✽.an error message should appear saying &quot;Please enter the age&quot;(file:///C:/WorkSpaces/Sprint2/sprint2/LibraryManagement/src/test/java/features/libraryCard.feature:65)
</pre></div></td>
<td>6</td>
<td>runner.RunnerTest@49912c99</td></tr>
<tr>
<td title='runner.RunnerTest.runScenario()'><b>runScenario</b><br>Test class: runner.RunnerTest<br>Test method: Runs Cucumber Scenarios<br>Parameters: "Validate Chat section with invalid phone number", "Contact and Query resolving services"</td>
<td><div><pre>org.junit.ComparisonFailure: expected:&lt;[Invalid phone message not displayed]&gt; but was:&lt;[Message Sent Successfully]&gt;
	at org.junit.Assert.assertEquals(Assert.java:117)
	at org.junit.Assert.assertEquals(Assert.java:146)
	at stepDefinition.ServiceSteps.verifyInvalidPhoneMessage(ServiceSteps.java:92)
	at ✽.I should see an error message for invalid phone(file:///C:/WorkSpaces/Sprint2/sprint2/LibraryManagement/src/test/java/features/servicePage.feature:54)
</pre></div><a href='#' onClick='toggleBox("stack-trace1792086750", this, "Click to show all stack frames", "Click to hide stack frames")'>Click to show all stack frames</a>
<div class='stack-trace' id='stack-trace1792086750'><pre>org.junit.ComparisonFailure: expected:&lt;[Invalid phone message not displayed]&gt; but was:&lt;[Message Sent Successfully]&gt;
	at org.junit.Assert.assertEquals(Assert.java:117)
	at org.junit.Assert.assertEquals(Assert.java:146)
	at stepDefinition.ServiceSteps.verifyInvalidPhoneMessage(ServiceSteps.java:92)
	at ✽.I should see an error message for invalid phone(file:///C:/WorkSpaces/Sprint2/sprint2/LibraryManagement/src/test/java/features/servicePage.feature:54)
</pre></div></td>
<td>12</td>
<td>runner.RunnerTest@49912c99</td></tr>
<tr>
<td title='runner.RunnerTest.runScenario()'><b>runScenario</b><br>Test class: runner.RunnerTest<br>Test method: Runs Cucumber Scenarios<br>Parameters: "Validate Email option with invalid email id", "Contact and Query resolving services"</td>
<td><div><pre>org.junit.ComparisonFailure: expected:&lt;[Invalid email message not displayed]&gt; but was:&lt;[Mail Sent Successfully]&gt;
	at org.junit.Assert.assertEquals(Assert.java:117)
	at org.junit.Assert.assertEquals(Assert.java:146)
	at stepDefinition.ServiceSteps.verifyInvalidEmailMessage(ServiceSteps.java:77)
	at ✽.I should see an error message for invalid email(file:///C:/WorkSpaces/Sprint2/sprint2/LibraryManagement/src/test/java/features/servicePage.feature:28)
</pre></div><a href='#' onClick='toggleBox("stack-trace1010068549", this, "Click to show all stack frames", "Click to hide stack frames")'>Click to show all stack frames</a>
<div class='stack-trace' id='stack-trace1010068549'><pre>org.junit.ComparisonFailure: expected:&lt;[Invalid email message not displayed]&gt; but was:&lt;[Mail Sent Successfully]&gt;
	at org.junit.Assert.assertEquals(Assert.java:117)
	at org.junit.Assert.assertEquals(Assert.java:146)
	at stepDefinition.ServiceSteps.verifyInvalidEmailMessage(ServiceSteps.java:77)
	at ✽.I should see an error message for invalid email(file:///C:/WorkSpaces/Sprint2/sprint2/LibraryManagement/src/test/java/features/servicePage.feature:28)
</pre></div></td>
<td>10</td>
<td>runner.RunnerTest@49912c99</td></tr>
<tr>
<td title='runner.RunnerTest.runScenario()'><b>runScenario</b><br>Test class: runner.RunnerTest<br>Test method: Runs Cucumber Scenarios<br>Parameters: "Validate Chat section with invalid name", "Contact and Query resolving services"</td>
<td><div><pre>org.junit.ComparisonFailure: expected:&lt;[Invalid name message not displayed]&gt; but was:&lt;[Message Sent Successfully]&gt;
	at org.junit.Assert.assertEquals(Assert.java:117)
	at org.junit.Assert.assertEquals(Assert.java:146)
	at stepDefinition.ServiceSteps.verifyInvalidNameMessage(ServiceSteps.java:107)
	at ✽.I should see an error message for invalid name(file:///C:/WorkSpaces/Sprint2/sprint2/LibraryManagement/src/test/java/features/servicePage.feature:81)
</pre></div><a href='#' onClick='toggleBox("stack-trace1775247809", this, "Click to show all stack frames", "Click to hide stack frames")'>Click to show all stack frames</a>
<div class='stack-trace' id='stack-trace1775247809'><pre>org.junit.ComparisonFailure: expected:&lt;[Invalid name message not displayed]&gt; but was:&lt;[Message Sent Successfully]&gt;
	at org.junit.Assert.assertEquals(Assert.java:117)
	at org.junit.Assert.assertEquals(Assert.java:146)
	at stepDefinition.ServiceSteps.verifyInvalidNameMessage(ServiceSteps.java:107)
	at ✽.I should see an error message for invalid name(file:///C:/WorkSpaces/Sprint2/sprint2/LibraryManagement/src/test/java/features/servicePage.feature:81)
</pre></div></td>
<td>11</td>
<td>runner.RunnerTest@49912c99</td></tr>
<tr>
<td title='runner.RunnerTest.runScenario()'><b>runScenario</b><br>Test class: runner.RunnerTest<br>Test method: Runs Cucumber Scenarios<br>Parameters: "Enter an incorrect age", "Validate the Get a Library Card form fields"</td>
<td><div><pre>java.lang.AssertionError: Expected error message not displayed: Please enter a valid age
	at org.junit.Assert.fail(Assert.java:89)
	at org.junit.Assert.assertTrue(Assert.java:42)
	at stepDefinition.LibraryCardStep.an_error_message_should_appear_saying(LibraryCardStep.java:99)
	at ✽.an error message should appear saying &quot;Please enter a valid age&quot;(file:///C:/WorkSpaces/Sprint2/sprint2/LibraryManagement/src/test/java/features/libraryCard.feature:53)
</pre></div><a href='#' onClick='toggleBox("stack-trace1590292218", this, "Click to show all stack frames", "Click to hide stack frames")'>Click to show all stack frames</a>
<div class='stack-trace' id='stack-trace1590292218'><pre>java.lang.AssertionError: Expected error message not displayed: Please enter a valid age
	at org.junit.Assert.fail(Assert.java:89)
	at org.junit.Assert.assertTrue(Assert.java:42)
	at stepDefinition.LibraryCardStep.an_error_message_should_appear_saying(LibraryCardStep.java:99)
	at ✽.an error message should appear saying &quot;Please enter a valid age&quot;(file:///C:/WorkSpaces/Sprint2/sprint2/LibraryManagement/src/test/java/features/libraryCard.feature:53)
</pre></div></td>
<td>6</td>
<td>runner.RunnerTest@49912c99</td></tr>
<tr>
<td title='runner.RunnerTest.runScenario()'><b>runScenario</b><br>Test class: runner.RunnerTest<br>Test method: Runs Cucumber Scenarios<br>Parameters: "Leave the first name blank", "Validate the Get a Library Card form fields"</td>
<td><div><pre>java.lang.AssertionError: Expected error message not displayed: Please Enter first name
	at org.junit.Assert.fail(Assert.java:89)
	at org.junit.Assert.assertTrue(Assert.java:42)
	at stepDefinition.LibraryCardStep.an_error_message_should_appear_saying(LibraryCardStep.java:99)
	at ✽.an error message should appear saying &quot;Please Enter first name&quot;(file:///C:/WorkSpaces/Sprint2/sprint2/LibraryManagement/src/test/java/features/libraryCard.feature:41)
</pre></div><a href='#' onClick='toggleBox("stack-trace1487543666", this, "Click to show all stack frames", "Click to hide stack frames")'>Click to show all stack frames</a>
<div class='stack-trace' id='stack-trace1487543666'><pre>java.lang.AssertionError: Expected error message not displayed: Please Enter first name
	at org.junit.Assert.fail(Assert.java:89)
	at org.junit.Assert.assertTrue(Assert.java:42)
	at stepDefinition.LibraryCardStep.an_error_message_should_appear_saying(LibraryCardStep.java:99)
	at ✽.an error message should appear saying &quot;Please Enter first name&quot;(file:///C:/WorkSpaces/Sprint2/sprint2/LibraryManagement/src/test/java/features/libraryCard.feature:41)
</pre></div></td>
<td>14</td>
<td>runner.RunnerTest@49912c99</td></tr>
<tr>
<td title='runner.RunnerTest.runScenario()'><b>runScenario</b><br>Test class: runner.RunnerTest<br>Test method: Runs Cucumber Scenarios<br>Parameters: "Validate only one option selection in service page", "Contact and Query resolving services"</td>
<td><div><pre>io.cucumber.core.exception.CucumberException: Failed to instantiate class stepDefinition.ServiceSteps
	at io.cucumber.core.backend.DefaultObjectFactory.cacheNewInstance(DefaultObjectFactory.java:67)
	at io.cucumber.core.backend.DefaultObjectFactory.getInstance(DefaultObjectFactory.java:45)
	at io.cucumber.java.AbstractGlueDefinition.invokeMethod(AbstractGlueDefinition.java:47)
	at io.cucumber.java.JavaStepDefinition.execute(JavaStepDefinition.java:29)
	at io.cucumber.core.runner.CoreStepDefinition.execute(CoreStepDefinition.java:66)
	at io.cucumber.core.runner.PickleStepDefinitionMatch.runStep(PickleStepDefinitionMatch.java:63)
	at io.cucumber.core.runner.ExecutionMode$1.execute(ExecutionMode.java:10)
	at io.cucumber.core.runner.TestStep.executeStep(TestStep.java:84)
	at io.cucumber.core.runner.TestStep.run(TestStep.java:56)
	at io.cucumber.core.runner.PickleStepTestStep.run(PickleStepTestStep.java:51)
	at io.cucumber.core.runner.TestCase.run(TestCase.java:84)
	at io.cucumber.core.runner.Runner.runPickle(Runner.java:75)
	at io.cucumber.testng.TestNGCucumberRunner.lambda$runScenario$1(TestNGCucumberRunner.java:132)
	at io.cucumber.core.runtime.CucumberExecutionContext.lambda$runTestCase$5(CucumberExecutionContext.java:137)
	at io.cucumber.core.runtime.RethrowingThrowableCollector.executeAndThrow(RethrowingThrowableCollector.java:23)
	at io.cucumber.core.runtime.CucumberExecutionContext.runTestCase(CucumberExecutionContext.java:137)
	at io.cucumber.testng.TestNGCucumberRunner.runScenario(TestNGCucumberRunner.java:129)
	at io.cucumber.testng.AbstractTestNGCucumberTests.runScenario(AbstractTestNGCucumberTests.java:35)
	at java.base/jdk.internal.reflect.DirectMethodHandleAccessor.invoke(DirectMethodHandleAccessor.java:104)
	at java.base/java.lang.reflect.Method.invoke(Method.java:577)
	at org.testng.internal.invokers.MethodInvocationHelper.invokeMethod(MethodInvocationHelper.java:139)
	at org.testng.internal.invokers.TestInvoker.invokeMethod(TestInvoker.java:664)
	at org.testng.internal.invokers.TestInvoker.invokeTestMethod(TestInvoker.java:227)
	at org.testng.internal.invokers.MethodRunner.runInSequence(MethodRunner.java:50)
	at org.testng.internal.invokers.TestInvoker$MethodInvocationAgent.invoke(TestInvoker.java:957)
	at org.testng.internal.invokers.TestInvoker.invokeTestMethods(TestInvoker.java:200)
	at org.testng.internal.invokers.TestMethodWorker.invokeTestMethods(TestMethodWorker.java:148)
	at org.testng.internal.invokers.TestMethodWorker.run(TestMethodWorker.java:128)
	at java.base/java.util.ArrayList.forEach(ArrayList.java:1511)
	at org.testng.TestRunner.privateRun(TestRunner.java:848)
	at org.testng.TestRunner.run(TestRunner.java:621)
	at org.testng.SuiteRunner.runTest(SuiteRunner.java:443)
	at org.testng.SuiteRunner.runSequentially(SuiteRunner.java:437)
	at org.testng.SuiteRunner.privateRun(SuiteRunner.java:397)
	at org.testng.SuiteRunner.run(SuiteRunner.java:336)
	at org.testng.SuiteRunnerWorker.runSuite(SuiteRunnerWorker.java:52)
	at org.testng.SuiteRunnerWorker.run(SuiteRunnerWorker.java:95)
	at org.testng.TestNG.runSuitesSequentially(TestNG.java:1280)
	at org.testng.TestNG.runSuitesLocally(TestNG.java:1200)
	at org.testng.TestNG.runSuites(TestNG.java:1114)
	at org.testng.TestNG.run(TestNG.java:1082)
	at org.testng.remote.AbstractRemoteTestNG.run(AbstractRemoteTestNG.java:115)
	at org.testng.remote.RemoteTestNG.initAndRun(RemoteTestNG.java:293)
	at org.testng.remote.RemoteTestNG.main(RemoteTestNG.java:91)
Caused by: java.lang.reflect.InvocationTargetException
	at java.base/jdk.internal.reflect.DirectConstructorHandleAccessor.newInstance(DirectConstructorHandleAccessor.java:79)
	at java.base/java.lang.reflect.Constructor.newInstanceWithCaller(Constructor.java:499)
	at java.base/java.lang.reflect.Constructor.newInstance(Constructor.java:483)
	at io.cucumber.core.backend.DefaultObjectFactory.cacheNewInstance(DefaultObjectFactory.java:53)
	... 43 more
Caused by: org.openqa.selenium.SessionNotCreatedException: Could not start a new session. Response code 500. Message: Failed to decode response from marionette 
Host info: host: &apos;RITAM-BHATTACHA&apos;, ip: &apos;192.168.0.103&apos;
Build info: version: &apos;4.22.0&apos;, revision: &apos;c5f3146703*&apos;
System info: os.name: &apos;Windows 11&apos;, os.arch: &apos;amd64&apos;, os.version: &apos;10.0&apos;, java.version: &apos;18.0.1.1&apos;
Driver info: org.openqa.selenium.firefox.FirefoxDriver
Command: [null, newSession {capabilities=[Capabilities {acceptInsecureCerts: true, browserName: firefox, moz:debuggerAddress: true, moz:firefoxOptions: {binary: C:\Program Files\Mozilla Fi..., prefs: {remote.active-protocols: 3}}}]}]
	at org.openqa.selenium.remote.ProtocolHandshake.createSession(ProtocolHandshake.java:114)
	at org.openqa.selenium.remote.ProtocolHandshake.createSession(ProtocolHandshake.java:75)
	at org.openqa.selenium.remote.ProtocolHandshake.createSession(ProtocolHandshake.java:61)
	at org.openqa.selenium.remote.HttpCommandExecutor.execute(HttpCommandExecutor.java:162)
	at org.openqa.selenium.remote.service.DriverCommandExecutor.invokeExecute(DriverCommandExecutor.java:216)
	at org.openqa.selenium.remote.service.DriverCommandExecutor.execute(DriverCommandExecutor.java:174)
	at org.openqa.selenium.remote.RemoteWebDriver.execute(RemoteWebDriver.java:518)
	at org.openqa.selenium.remote.RemoteWebDriver.startSession(RemoteWebDriver.java:232)
	at org.openqa.selenium.remote.RemoteWebDriver.&lt;init&gt;(RemoteWebDriver.java:161)
	at org.openqa.selenium.firefox.FirefoxDriver.&lt;init&gt;(FirefoxDriver.java:155)
	at org.openqa.selenium.firefox.FirefoxDriver.&lt;init&gt;(FirefoxDriver.java:150)
	at org.openqa.selenium.firefox.FirefoxDriver.&lt;init&gt;(FirefoxDriver.java:132)
	at org.openqa.selenium.firefox.FirefoxDriver.&lt;init&gt;(FirefoxDriver.java:127)
	at org.openqa.selenium.firefox.FirefoxDriver.&lt;init&gt;(FirefoxDriver.java:112)
	at org.openqa.selenium.firefox.FirefoxDriver.&lt;init&gt;(FirefoxDriver.java:102)
	at driver.DriverSetup.getWebDriver(DriverSetup.java:16)
	at pages.ServicePage.&lt;init&gt;(ServicePage.java:16)
	at stepDefinition.ServiceSteps.&lt;init&gt;(ServiceSteps.java:8)
	at java.base/jdk.internal.reflect.DirectConstructorHandleAccessor.newInstance(DirectConstructorHandleAccessor.java:67)
	... 46 more
</pre></div><a href='#' onClick='toggleBox("stack-trace1305564302", this, "Click to show all stack frames", "Click to hide stack frames")'>Click to show all stack frames</a>
<div class='stack-trace' id='stack-trace1305564302'><pre>io.cucumber.core.exception.CucumberException: Failed to instantiate class stepDefinition.ServiceSteps
	at io.cucumber.core.backend.DefaultObjectFactory.cacheNewInstance(DefaultObjectFactory.java:67)
	at io.cucumber.core.backend.DefaultObjectFactory.getInstance(DefaultObjectFactory.java:45)
	at io.cucumber.java.AbstractGlueDefinition.invokeMethod(AbstractGlueDefinition.java:47)
	at io.cucumber.java.JavaStepDefinition.execute(JavaStepDefinition.java:29)
	at io.cucumber.core.runner.CoreStepDefinition.execute(CoreStepDefinition.java:66)
	at io.cucumber.core.runner.PickleStepDefinitionMatch.runStep(PickleStepDefinitionMatch.java:63)
	at io.cucumber.core.runner.ExecutionMode$1.execute(ExecutionMode.java:10)
	at io.cucumber.core.runner.TestStep.executeStep(TestStep.java:84)
	at io.cucumber.core.runner.TestStep.run(TestStep.java:56)
	at io.cucumber.core.runner.PickleStepTestStep.run(PickleStepTestStep.java:51)
	at io.cucumber.core.runner.TestCase.run(TestCase.java:84)
	at io.cucumber.core.runner.Runner.runPickle(Runner.java:75)
	at io.cucumber.testng.TestNGCucumberRunner.lambda$runScenario$1(TestNGCucumberRunner.java:132)
	at io.cucumber.core.runtime.CucumberExecutionContext.lambda$runTestCase$5(CucumberExecutionContext.java:137)
	at io.cucumber.core.runtime.RethrowingThrowableCollector.executeAndThrow(RethrowingThrowableCollector.java:23)
	at io.cucumber.core.runtime.CucumberExecutionContext.runTestCase(CucumberExecutionContext.java:137)
	at io.cucumber.testng.TestNGCucumberRunner.runScenario(TestNGCucumberRunner.java:129)
	at io.cucumber.testng.AbstractTestNGCucumberTests.runScenario(AbstractTestNGCucumberTests.java:35)
	at java.base/jdk.internal.reflect.DirectMethodHandleAccessor.invoke(DirectMethodHandleAccessor.java:104)
	at java.base/java.lang.reflect.Method.invoke(Method.java:577)
	at org.testng.internal.invokers.MethodInvocationHelper.invokeMethod(MethodInvocationHelper.java:139)
	at org.testng.internal.invokers.TestInvoker.invokeMethod(TestInvoker.java:664)
	at org.testng.internal.invokers.TestInvoker.invokeTestMethod(TestInvoker.java:227)
	at org.testng.internal.invokers.MethodRunner.runInSequence(MethodRunner.java:50)
	at org.testng.internal.invokers.TestInvoker$MethodInvocationAgent.invoke(TestInvoker.java:957)
	at org.testng.internal.invokers.TestInvoker.invokeTestMethods(TestInvoker.java:200)
	at org.testng.internal.invokers.TestMethodWorker.invokeTestMethods(TestMethodWorker.java:148)
	at org.testng.internal.invokers.TestMethodWorker.run(TestMethodWorker.java:128)
	at java.base/java.util.ArrayList.forEach(ArrayList.java:1511)
	at org.testng.TestRunner.privateRun(TestRunner.java:848)
	at org.testng.TestRunner.run(TestRunner.java:621)
	at org.testng.SuiteRunner.runTest(SuiteRunner.java:443)
	at org.testng.SuiteRunner.runSequentially(SuiteRunner.java:437)
	at org.testng.SuiteRunner.privateRun(SuiteRunner.java:397)
	at org.testng.SuiteRunner.run(SuiteRunner.java:336)
	at org.testng.SuiteRunnerWorker.runSuite(SuiteRunnerWorker.java:52)
	at org.testng.SuiteRunnerWorker.run(SuiteRunnerWorker.java:95)
	at org.testng.TestNG.runSuitesSequentially(TestNG.java:1280)
	at org.testng.TestNG.runSuitesLocally(TestNG.java:1200)
	at org.testng.TestNG.runSuites(TestNG.java:1114)
	at org.testng.TestNG.run(TestNG.java:1082)
	at org.testng.remote.AbstractRemoteTestNG.run(AbstractRemoteTestNG.java:115)
	at org.testng.remote.RemoteTestNG.initAndRun(RemoteTestNG.java:293)
	at org.testng.remote.RemoteTestNG.main(RemoteTestNG.java:91)
Caused by: java.lang.reflect.InvocationTargetException
	at java.base/jdk.internal.reflect.DirectConstructorHandleAccessor.newInstance(DirectConstructorHandleAccessor.java:79)
	at java.base/java.lang.reflect.Constructor.newInstanceWithCaller(Constructor.java:499)
	at java.base/java.lang.reflect.Constructor.newInstance(Constructor.java:483)
	at io.cucumber.core.backend.DefaultObjectFactory.cacheNewInstance(DefaultObjectFactory.java:53)
	... 43 more
Caused by: org.openqa.selenium.SessionNotCreatedException: Could not start a new session. Response code 500. Message: Failed to decode response from marionette 
Host info: host: &apos;RITAM-BHATTACHA&apos;, ip: &apos;192.168.0.103&apos;
Build info: version: &apos;4.22.0&apos;, revision: &apos;c5f3146703*&apos;
System info: os.name: &apos;Windows 11&apos;, os.arch: &apos;amd64&apos;, os.version: &apos;10.0&apos;, java.version: &apos;18.0.1.1&apos;
Driver info: org.openqa.selenium.firefox.FirefoxDriver
Command: [null, newSession {capabilities=[Capabilities {acceptInsecureCerts: true, browserName: firefox, moz:debuggerAddress: true, moz:firefoxOptions: {binary: C:\Program Files\Mozilla Fi..., prefs: {remote.active-protocols: 3}}}]}]
	at org.openqa.selenium.remote.ProtocolHandshake.createSession(ProtocolHandshake.java:114)
	at org.openqa.selenium.remote.ProtocolHandshake.createSession(ProtocolHandshake.java:75)
	at org.openqa.selenium.remote.ProtocolHandshake.createSession(ProtocolHandshake.java:61)
	at org.openqa.selenium.remote.HttpCommandExecutor.execute(HttpCommandExecutor.java:162)
	at org.openqa.selenium.remote.service.DriverCommandExecutor.invokeExecute(DriverCommandExecutor.java:216)
	at org.openqa.selenium.remote.service.DriverCommandExecutor.execute(DriverCommandExecutor.java:174)
	at org.openqa.selenium.remote.RemoteWebDriver.execute(RemoteWebDriver.java:518)
	at org.openqa.selenium.remote.RemoteWebDriver.startSession(RemoteWebDriver.java:232)
	at org.openqa.selenium.remote.RemoteWebDriver.&lt;init&gt;(RemoteWebDriver.java:161)
	at org.openqa.selenium.firefox.FirefoxDriver.&lt;init&gt;(FirefoxDriver.java:155)
	at org.openqa.selenium.firefox.FirefoxDriver.&lt;init&gt;(FirefoxDriver.java:150)
	at org.openqa.selenium.firefox.FirefoxDriver.&lt;init&gt;(FirefoxDriver.java:132)
	at org.openqa.selenium.firefox.FirefoxDriver.&lt;init&gt;(FirefoxDriver.java:127)
	at org.openqa.selenium.firefox.FirefoxDriver.&lt;init&gt;(FirefoxDriver.java:112)
	at org.openqa.selenium.firefox.FirefoxDriver.&lt;init&gt;(FirefoxDriver.java:102)
	at driver.DriverSetup.getWebDriver(DriverSetup.java:16)
	at pages.ServicePage.&lt;init&gt;(ServicePage.java:16)
	at stepDefinition.ServiceSteps.&lt;init&gt;(ServiceSteps.java:8)
	at java.base/jdk.internal.reflect.DirectConstructorHandleAccessor.newInstance(DirectConstructorHandleAccessor.java:67)
	... 46 more
</pre></div></td>
<td>5</td>
<td>runner.RunnerTest@49912c99</td></tr>
<tr>
<td title='runner.RunnerTest.runScenario()'><b>runScenario</b><br>Test class: runner.RunnerTest<br>Test method: Runs Cucumber Scenarios<br>Parameters: "Submit form with space in author name", "Advanced Search Functionality"</td>
<td><div><pre>org.openqa.selenium.NoSuchElementException: Cannot locate option with text: Edition 1
For documentation on this error, please visit: https://www.selenium.dev/documentation/webdriver/troubleshooting/errors#no-such-element-exception
Build info: version: &apos;4.22.0&apos;, revision: &apos;c5f3146703*&apos;
System info: os.name: &apos;Windows 11&apos;, os.arch: &apos;amd64&apos;, os.version: &apos;10.0&apos;, java.version: &apos;18.0.1.1&apos;
Driver info: driver.version: unknown
	at org.openqa.selenium.support.ui.Select.selectByVisibleText(Select.java:153)
	at pages.AdvancedSearchActions.selectEdition(AdvancedSearchActions.java:35)
	at stepDefinition.AdvancedSearchSteps.user_selects_edition(AdvancedSearchSteps.java:30)
	at ✽.selects edition as &quot;Edition 1&quot;(file:///C:/WorkSpaces/Sprint2/sprint2/LibraryManagement/src/test/java/features/advancedSearch.feature:54)
</pre></div><a href='#' onClick='toggleBox("stack-trace1097684722", this, "Click to show all stack frames", "Click to hide stack frames")'>Click to show all stack frames</a>
<div class='stack-trace' id='stack-trace1097684722'><pre>org.openqa.selenium.NoSuchElementException: Cannot locate option with text: Edition 1
For documentation on this error, please visit: https://www.selenium.dev/documentation/webdriver/troubleshooting/errors#no-such-element-exception
Build info: version: &apos;4.22.0&apos;, revision: &apos;c5f3146703*&apos;
System info: os.name: &apos;Windows 11&apos;, os.arch: &apos;amd64&apos;, os.version: &apos;10.0&apos;, java.version: &apos;18.0.1.1&apos;
Driver info: driver.version: unknown
	at org.openqa.selenium.support.ui.Select.selectByVisibleText(Select.java:153)
	at pages.AdvancedSearchActions.selectEdition(AdvancedSearchActions.java:35)
	at stepDefinition.AdvancedSearchSteps.user_selects_edition(AdvancedSearchSteps.java:30)
	at ✽.selects edition as &quot;Edition 1&quot;(file:///C:/WorkSpaces/Sprint2/sprint2/LibraryManagement/src/test/java/features/advancedSearch.feature:54)
</pre></div></td>
<td>9</td>
<td>runner.RunnerTest@49912c99</td></tr>
</table><p>
<table width='100%' border='1' class='invocation-passed'>
<tr><td colspan='4' align='center'><b>PASSED TESTS</b></td></tr>
<tr><td><b>Test method</b></td>
<td><b>Attribute(s)</b></td>
<td width="30%"><b>Exception</b></td>
<td width="10%"><b>Time (seconds)</b></td>
<td><b>Instance</b></td>
</tr>
<tr>
<td title='runner.RunnerTest.runScenario()'><b>runScenario</b><br>Test class: runner.RunnerTest<br>Test method: Runs Cucumber Scenarios<br>Parameters: "Submit form without entering subject", "Advanced Search Functionality"</td>
<td></td>
<td>12</td>
<td>runner.RunnerTest@49912c99</td></tr>
<tr>
<td title='runner.RunnerTest.runScenario()'><b>runScenario</b><br>Test class: runner.RunnerTest<br>Test method: Runs Cucumber Scenarios<br>Parameters: "Validate Chat section with valid name", "Contact and Query resolving services"</td>
<td></td>
<td>11</td>
<td>runner.RunnerTest@49912c99</td></tr>
<tr>
<td title='runner.RunnerTest.runScenario()'><b>runScenario</b><br>Test class: runner.RunnerTest<br>Test method: Runs Cucumber Scenarios<br>Parameters: "Validate author name with valid input", "Advanced Search Functionality"</td>
<td></td>
<td>13</td>
<td>runner.RunnerTest@49912c99</td></tr>
<tr>
<td title='runner.RunnerTest.runScenario()'><b>runScenario</b><br>Test class: runner.RunnerTest<br>Test method: Runs Cucumber Scenarios<br>Parameters: "Validate Email option with valid email id", "Contact and Query resolving services"</td>
<td></td>
<td>11</td>
<td>runner.RunnerTest@49912c99</td></tr>
<tr>
<td title='runner.RunnerTest.runScenario()'><b>runScenario</b><br>Test class: runner.RunnerTest<br>Test method: Runs Cucumber Scenarios<br>Parameters: "Submit form without entering author name", "Advanced Search Functionality"</td>
<td></td>
<td>11</td>
<td>runner.RunnerTest@49912c99</td></tr>
<tr>
<td title='runner.RunnerTest.runScenario()'><b>runScenario</b><br>Test class: runner.RunnerTest<br>Test method: Runs Cucumber Scenarios<br>Parameters: "Validate Email option with blank email id", "Contact and Query resolving services"</td>
<td></td>
<td>11</td>
<td>runner.RunnerTest@49912c99</td></tr>
<tr>
<td title='runner.RunnerTest.runScenario()'><b>runScenario</b><br>Test class: runner.RunnerTest<br>Test method: Runs Cucumber Scenarios<br>Parameters: "Enter an invalid first name", "Validate the Get a Library Card form fields"</td>
<td></td>
<td>9</td>
<td>runner.RunnerTest@49912c99</td></tr>
<tr>
<td title='runner.RunnerTest.runScenario()'><b>runScenario</b><br>Test class: runner.RunnerTest<br>Test method: Runs Cucumber Scenarios<br>Parameters: "Submit form without selecting edition", "Advanced Search Functionality"</td>
<td></td>
<td>12</td>
<td>runner.RunnerTest@49912c99</td></tr>
<tr>
<td title='runner.RunnerTest.runScenario()'><b>runScenario</b><br>Test class: runner.RunnerTest<br>Test method: Runs Cucumber Scenarios<br>Parameters: "Validate Chat section with blank phone number", "Contact and Query resolving services"</td>
<td></td>
<td>11</td>
<td>runner.RunnerTest@49912c99</td></tr>
<tr>
<td title='runner.RunnerTest.runScenario()'><b>runScenario</b><br>Test class: runner.RunnerTest<br>Test method: Runs Cucumber Scenarios<br>Parameters: "Submit form without selecting age group", "Advanced Search Functionality"</td>
<td></td>
<td>10</td>
<td>runner.RunnerTest@49912c99</td></tr>
<tr>
<td title='runner.RunnerTest.runScenario()'><b>runScenario</b><br>Test class: runner.RunnerTest<br>Test method: Runs Cucumber Scenarios<br>Parameters: "Enter an invalid last name", "Validate the Get a Library Card form fields"</td>
<td></td>
<td>8</td>
<td>runner.RunnerTest@49912c99</td></tr>
<tr>
<td title='runner.RunnerTest.runScenario()'><b>runScenario</b><br>Test class: runner.RunnerTest<br>Test method: Runs Cucumber Scenarios<br>Parameters: "Validate Chat section with blank name", "Contact and Query resolving services"</td>
<td></td>
<td>12</td>
<td>runner.RunnerTest@49912c99</td></tr>
<tr>
<td title='runner.RunnerTest.runScenario()'><b>runScenario</b><br>Test class: runner.RunnerTest<br>Test method: Runs Cucumber Scenarios<br>Parameters: "Validate Chat section with valid phone number", "Contact and Query resolving services"</td>
<td></td>
<td>11</td>
<td>runner.RunnerTest@49912c99</td></tr>
<tr>
<td title='runner.RunnerTest.runScenario()'><b>runScenario</b><br>Test class: runner.RunnerTest<br>Test method: Runs Cucumber Scenarios<br>Parameters: "Submit the form with all valid data", "Validate the Get a Library Card form fields"</td>
<td></td>
<td>13</td>
<td>runner.RunnerTest@49912c99</td></tr>
<tr>
<td title='runner.RunnerTest.runScenario()'><b>runScenario</b><br>Test class: runner.RunnerTest<br>Test method: Runs Cucumber Scenarios<br>Parameters: "Submit form without selecting book format", "Advanced Search Functionality"</td>
<td></td>
<td>12</td>
<td>runner.RunnerTest@49912c99</td></tr>
</table><p>
</body>
</html>